<?xml version="1.0" encoding="UTF-8"?>
<!-- Generated by org.testng.reporters.JUnitXMLReporter -->
<testsuite ignored="0" hostname="DESKTOP-18BP1P8" failures="1" tests="1" name="Test" time="4.357" errors="0" timestamp="2022-10-18T15:07:26 IST">
  <testcase classname="Sample.Percy_Sample_Project.App" name="test" time="4.312">
    <failure type="java.lang.NullPointerException">
      <![CDATA[java.lang.NullPointerException
at Sample.Percy_Sample_Project.App.test(App.java:46)
at java.base/java.util.ArrayList.forEach(ArrayList.java:1541)
... Removed 27 stack frames]]>
    </failure>
  </testcase> <!-- test -->
</testsuite> <!-- Test -->
